<?xml version="1.0" encoding="UTF-8"?>
<testsuite xmlns:xsi="http://www.w3.org/2001/XMLSchema-instance" xsi:noNamespaceSchemaLocation="https://maven.apache.org/surefire/maven-surefire-plugin/xsd/surefire-test-report.xsd" name="com.sparta.aa.controller.BubbleSortTest" time="0.038" tests="8" errors="0" skipped="0" failures="0">
  <properties>
[...]
</properties>
  <testcase name="checkThatOddSizedArrayReturnsSortedArray" classname="com.sparta.aa.controller.BubbleSortTest" time="0.02"/>
  <testcase name="checkThatNegativeElementArrayReturnsSortedArray" classname="com.sparta.aa.controller.BubbleSortTest" time="0"/>
  <testcase name="checkThatSameElementArrayReturnsSortedArray" classname="com.sparta.aa.controller.BubbleSortTest" time="0.001"/>
  <testcase name="checkThatEmptyArrayReturnsEmptyArray" classname="com.sparta.aa.controller.BubbleSortTest" time="0.001"/>
  <testcase name="checkThatUnsortedArrayReturnsSortedArray" classname="com.sparta.aa.controller.BubbleSortTest" time="0.001"/>
  <testcase name="checkThatRandomArrayReturnsSortedArray" classname="com.sparta.aa.controller.BubbleSortTest" time="0.001"/>
  <testcase name="checkThatSingleElementArrayReturnsArray" classname="com.sparta.aa.controller.BubbleSortTest" time="0"/>
  <testcase name="checkThatLargeArrayReturnsSortedArray" classname="com.sparta.aa.controller.BubbleSortTest" time="0.006"/>
</testsuite>